<?xml version="1.0" encoding="UTF-8"?>
<!-- Generated by org.testng.reporters.JUnitReportReporter -->
<testsuite hostname="DESKTOP-C5QVI48" failures="0" tests="3" name="Report" time="14.094" errors="0" timestamp="2021-10-11T15:00:09 SAST" skipped="0">
  <testcase classname="Report" name="Registration" time="3.876"/>
  <system-out/>
  <testcase classname="Report" name="Mecury" time="8.666"/>
  <system-out/>
  <testcase classname="Report" name="sauceLogout" time="1.552"/>
  <system-out/>
</testsuite> <!-- Report -->
